== Info:   Trying 52.200.83.146...
== Info: Connected to httpbin.org (52.200.83.146) port 443 (#0)
== Info: found 148 certificates in /etc/ssl/certs/ca-certificates.crt
== Info: found 592 certificates in /etc/ssl/certs
== Info: ALPN, offering http/1.1
== Info: SSL connection using TLS1.2 / ECDHE_RSA_AES_128_GCM_SHA256
== Info: 	 server certificate verification OK
== Info: 	 server certificate status verification SKIPPED
== Info: 	 common name: httpbin.org (matched)
== Info: 	 server certificate expiration date OK
== Info: 	 server certificate activation date OK
== Info: 	 certificate public key: RSA
== Info: 	 certificate version: #3
== Info: 	 subject: CN=httpbin.org
== Info: 	 start date: Sun, 17 Feb 2019 00:00:00 GMT
== Info: 	 expire date: Tue, 17 Mar 2020 12:00:00 GMT
== Info: 	 issuer: C=US,O=Amazon,OU=Server CA 1B,CN=Amazon
== Info: 	 compression: NULL
== Info: ALPN, server did not agree to a protocol
=> Send header, 209 bytes (0xd1)
0000: POST /post HTTP/1.1
0015: Host: httpbin.org
0028: User-Agent: curl/7.47.0
0041: Accept: */*
004e: Content-Length: 409
0063: Expect: 100-continue
0079: Content-Type: multipart/form-data; boundary=--------------------
00b9: ----c6e56aed705def6d
00cf: 
<= Recv header, 23 bytes (0x17)
0000: HTTP/1.1 100 Continue
=> Send data, 247 bytes (0xf7)
0000: --------------------------c6e56aed705def6d
002c: Content-Disposition: form-data; name="chat_id"
005c: 
005e: 98797678
0068: --------------------------c6e56aed705def6d
0094: Content-Disposition: form-data; name="document"; filename="index
00d4: .html"
00dc: Content-Type: text/html
00f5: 
=> Send data, 17 bytes (0x11)
0000: Silence is golden
=> Send data, 145 bytes (0x91)
0000: 
0002: --------------------------c6e56aed705def6d
002e: Content-Disposition: form-data; name="text"
005b: 
005d: text
0063: --------------------------c6e56aed705def6d--
<= Recv header, 17 bytes (0x11)
0000: HTTP/1.1 200 OK
<= Recv header, 40 bytes (0x28)
0000: Access-Control-Allow-Credentials: true
<= Recv header, 32 bytes (0x20)
0000: Access-Control-Allow-Origin: *
<= Recv header, 32 bytes (0x20)
0000: Content-Type: application/json
<= Recv header, 37 bytes (0x25)
0000: Date: Sun, 19 May 2019 14:52:18 GMT
<= Recv header, 45 bytes (0x2d)
0000: Referrer-Policy: no-referrer-when-downgrade
<= Recv header, 15 bytes (0xf)
0000: Server: nginx
<= Recv header, 33 bytes (0x21)
0000: X-Content-Type-Options: nosniff
<= Recv header, 23 bytes (0x17)
0000: X-Frame-Options: DENY
<= Recv header, 33 bytes (0x21)
0000: X-XSS-Protection: 1; mode=block
<= Recv header, 21 bytes (0x15)
0000: Content-Length: 478
<= Recv header, 24 bytes (0x18)
0000: Connection: keep-alive
<= Recv header, 2 bytes (0x2)
0000: 
<= Recv data, 478 bytes (0x1de)
0000: {.  "args": {}, .  "data": "", .  "files": {.    "document": "Si
0040: lence is golden".  }, .  "form": {.    "chat_id": "98797678", . 
0080:    "text": "text".  }, .  "headers": {.    "Accept": "*/*", .   
00c0:  "Content-Length": "409", .    "Content-Type": "multipart/form-d
0100: ata; boundary=------------------------c6e56aed705def6d", .    "H
0140: ost": "httpbin.org", .    "User-Agent": "curl/7.47.0".  }, .  "j
0180: son": null, .  "origin": "84.43.180.94, 84.43.180.94", .  "url":
01c0:  "https://httpbin.org/post".}.
== Info: Connection #0 to host httpbin.org left intact
